<?xml version="1.0" encoding="UTF-8"?>
<coverage generated="1615547623576" clover="3.2.0">
  <project timestamp="1615547623576" name="All files">
    <metrics statements="31" coveredstatements="16" conditionals="8" coveredconditionals="3" methods="13" coveredmethods="4" elements="52" coveredelements="23" complexity="0" loc="31" ncloc="31" packages="1" files="3" classes="3"/>
    <file name="book.service.js" path="/Users/junaid/Documents/learn/unittest/basic1/src/book.service.js">
      <metrics statements="26" coveredstatements="14" conditionals="8" coveredconditionals="3" methods="11" coveredmethods="4"/>
      <line num="1" count="1" type="stmt"/>
      <line num="2" count="1" type="stmt"/>
      <line num="5" count="5" type="stmt"/>
      <line num="7" count="5" type="stmt"/>
      <line num="9" count="5" type="cond" truecount="2" falsecount="0"/>
      <line num="10" count="2" type="stmt"/>
      <line num="13" count="5" type="stmt"/>
      <line num="14" count="3" type="stmt"/>
      <line num="24" count="5" type="stmt"/>
      <line num="28" count="3" type="stmt"/>
      <line num="29" count="3" type="cond" truecount="1" falsecount="1"/>
      <line num="30" count="0" type="stmt"/>
      <line num="33" count="3" type="stmt"/>
      <line num="35" count="3" type="stmt"/>
      <line num="39" count="0" type="stmt"/>
      <line num="41" count="0" type="cond" truecount="0" falsecount="2"/>
      <line num="45" count="0" type="stmt"/>
      <line num="46" count="0" type="cond" truecount="0" falsecount="2"/>
      <line num="47" count="0" type="stmt"/>
      <line num="50" count="0" type="stmt"/>
      <line num="51" count="0" type="stmt"/>
      <line num="53" count="0" type="stmt"/>
      <line num="57" count="0" type="stmt"/>
      <line num="59" count="0" type="stmt"/>
      <line num="60" count="0" type="stmt"/>
      <line num="64" count="1" type="stmt"/>
    </file>
    <file name="books-provider.js" path="/Users/junaid/Documents/learn/unittest/basic1/src/books-provider.js">
      <metrics statements="3" coveredstatements="1" conditionals="0" coveredconditionals="0" methods="1" coveredmethods="0"/>
      <line num="2" count="0" type="stmt"/>
      <line num="4" count="0" type="stmt"/>
      <line num="32" count="1" type="stmt"/>
    </file>
    <file name="email.service.js" path="/Users/junaid/Documents/learn/unittest/basic1/src/email.service.js">
      <metrics statements="2" coveredstatements="1" conditionals="0" coveredconditionals="0" methods="1" coveredmethods="0"/>
      <line num="2" count="0" type="stmt"/>
      <line num="5" count="1" type="stmt"/>
    </file>
  </project>
</coverage>
